"G:/Work/Projects/SMParty/Content/Maps/LucienTest.uasset" 0
"G:/Work/Projects/SMParty/Content/Maps/MatthewTest_BuiltData.uasset" 1
"G:/Work/Projects/SMParty/Content/Maps/LucienTest_BuiltData.uasset" 2
"G:/Work/Projects/SMParty/Content/Geometry/Appa/Material_001.uasset" 3
"G:/Work/Projects/SMParty/Content/Geometry/Appa/appa.uasset" 4
"G:/Work/Projects/SMParty/Content/Blueprints/MovingAlpa/Appa.uasset" 5
"G:/Work/Projects/SMParty/Content/Blueprints/MovingAlpa/Alpa.uasset" 6
"G:/Work/Projects/SMParty/Content/Blueprints/Projector/VideoPlayer.uasset" 7
"G:/Work/Projects/SMParty/Content/Blueprints/Projector/BP_VideoPlayer.uasset" 8
"G:/Work/Projects/SMParty/Content/Blueprints/Projector/videoProjector/NewStreamMediaSource.uasset" 9
"G:/Work/Projects/SMParty/Content/FirstPersonBP/FirstPersonOverview.uasset" 10
"G:/Work/Projects/SMParty/Content/FirstPersonBP/Blueprints/FirstPersonCharacter.uasset" 11
"G:/Work/Projects/SMParty/Content/FirstPersonBP/Blueprints/FirstPersonGameMode.uasset" 12
"G:/Work/Projects/SMParty/Content/FirstPersonBP/Blueprints/FirstPersonHUD.uasset" 13
"G:/Work/Projects/SMParty/Content/Geometry/AngieAssets/Textures/CakeNormals.uasset" 14
"G:/Work/Projects/SMParty/Content/Geometry/AngieAssets/Textures/CakeTexmap.uasset" 15
"G:/Work/Projects/SMParty/Content/Geometry/AngieAssets/Materials/CakeTexmap_Mat.uasset" 16
"G:/Work/Projects/SMParty/Content/Geometry/AngieAssets/Cake.uasset" 17
"G:/Work/Projects/SMParty/Content/Geometry/AngieAssets/CakeTexmap_Mat.uasset" 18
"G:/Work/Projects/SMParty/Content/Geometry/AngieAssets/cakeNormal.uasset" 19
"G:/Work/Projects/SMParty/Content/Geometry/AngieAssets/lambert4.uasset" 20
"G:/Work/Projects/SMParty/Content/Geometry/Furniture/Materials/lambert1.uasset" 21
"G:/Work/Projects/SMParty/Content/Geometry/Furniture/lambert1.uasset" 22
"G:/Work/Projects/SMParty/Content/Geometry/Furniture/dorm_bathroom_seat.uasset" 23
"G:/Work/Projects/SMParty/Content/Geometry/Furniture/dorm_drawerFrame1.uasset" 24
"G:/Work/Projects/SMParty/Content/Geometry/Furniture/dorm_drawer_1.uasset" 25
"G:/Work/Projects/SMParty/Content/Geometry/Furniture/dorm_drawer_2.uasset" 26
"G:/Work/Projects/SMParty/Content/Geometry/Furniture/dorm_drawer_3.uasset" 27
"G:/Work/Projects/SMParty/Content/Geometry/Furniture/dorm_drawer_4.uasset" 28
"G:/Work/Projects/SMParty/Content/Geometry/Furniture/dorm_drawer_5.uasset" 29
"G:/Work/Projects/SMParty/Content/Geometry/Furniture/dorm_drawer_6.uasset" 30
"G:/Work/Projects/SMParty/Content/Geometry/Furniture/dorm_drawer_7.uasset" 31
"G:/Work/Projects/SMParty/Content/Geometry/Furniture/dorm_drawer_8.uasset" 32
"G:/Work/Projects/SMParty/Content/Geometry/Furniture/dorm_handle_1.uasset" 33
"G:/Work/Projects/SMParty/Content/Geometry/Furniture/dorm_radiator_1.uasset" 34
"G:/Work/Projects/SMParty/Content/Geometry/Furniture/dorm_table1_2.uasset" 35
"G:/Work/Projects/SMParty/Content/Geometry/Furniture/dorm_wardrobe_1.uasset" 36
"G:/Work/Projects/SMParty/Content/Geometry/Furniture/dorm_wardromeDoor_1.uasset" 37
"G:/Work/Projects/SMParty/Content/Geometry/Furniture/drapery.uasset" 38
"G:/Work/Projects/SMParty/Content/Geometry/Furniture/Materials/beanbagtex_Mat.uasset" 39
"G:/Work/Projects/SMParty/Content/Geometry/Furniture/Materials/beanbagtex_Mat_Inst.uasset" 40
"G:/Work/Projects/SMParty/Content/Geometry/Furniture/Textures/beanbagnormals.uasset" 41
"G:/Work/Projects/SMParty/Content/Geometry/Furniture/Textures/beanbagtex.uasset" 42
"G:/Work/Projects/SMParty/Content/Geometry/Meshes/CubeMaterial.uasset" 43
"G:/Work/Projects/SMParty/Content/Geometry/Meshes/1M_Cube.uasset" 44
"G:/Work/Projects/SMParty/Content/Geometry/Meshes/1M_Cube_Chamfer.uasset" 45
"G:/Work/Projects/SMParty/Content/Geometry/Meshes/TemplateFloor.uasset" 46
"../../../Engine/Content/Animation/DefaultAnimCurveCompressionSettings.uasset" 47
"../../../Engine/Content/Functions/Engine_MaterialFunctions01/Opacity/CameraDepthFade.uasset" 48
"../../../Engine/Content/EngineMaterials/T_Default_Material_Grid_M.uasset" 49
"../../../Engine/Content/EngineMaterials/T_Default_Material_Grid_N.uasset" 50
"../../../Engine/Content/EngineMaterials/WorldGridMaterial.uasset" 51
"../../../Engine/Content/ArtTools/RenderToTexture/Meshes/S_1_Unit_Plane.uasset" 52
"../../../Engine/Content/EngineMaterials/DefaultMaterial.uasset" 53
"../../../Engine/Content/BasicShapes/Cone.uasset" 54
"../../../Engine/Content/BasicShapes/Cylinder.uasset" 55
"../../../Engine/Content/BasicShapes/Plane.uasset" 56
"../../../Engine/Content/BasicShapes/Sphere.uasset" 57
"../../../Engine/Content/EditorLandscapeResources/DataLayer.uasset" 58
"../../../Engine/Content/EditorMaterials/MAT_Groups_Toggle.uasset" 59
"../../../Engine/Content/EditorMaterials/MAT_Groups_Visibility.uasset" 60
"../../../Engine/Content/EditorMaterials/PreviewShadowIndicator.uasset" 61
"../../../Engine/Content/EditorMaterials/PreviewShadowIndicatorMaterial.uasset" 62
"../../../Engine/Content/EditorMaterials/MatineeGroups/MAT_ColorTrack.uasset" 63
"../../../Engine/Content/EditorMaterials/MatineeGroups/MAT_Groups_Anim.uasset" 64
"../../../Engine/Content/EditorMaterials/MatineeGroups/MAT_Groups_AudioMaster.uasset" 65
"../../../Engine/Content/EditorMaterials/MatineeGroups/MAT_Groups_Director.uasset" 66
"../../../Engine/Content/EditorMaterials/MatineeGroups/MAT_Groups_Event.uasset" 67
"../../../Engine/Content/EditorMaterials/MatineeGroups/MAT_Groups_Fade.uasset" 68
"../../../Engine/Content/EditorMaterials/MatineeGroups/MAT_Groups_Float.uasset" 69
"../../../Engine/Content/EditorMaterials/MatineeGroups/MAT_Groups_Move.uasset" 70
"../../../Engine/Content/EditorMaterials/MatineeGroups/MAT_Groups_Slomo.uasset" 71
"../../../Engine/Content/EditorMaterials/MatineeGroups/MAT_Groups_Sound.uasset" 72
"../../../Engine/Content/EditorMaterials/MatineeGroups/MAT_Groups_Vector.uasset" 73
"../../../Engine/Content/EditorMaterials/ParticleSystems/PSysThumbnail_NoImage.uasset" 74
"../../../Engine/Content/EditorMaterials/ParticleSystems/PSysThumbnail_OOD.uasset" 75
"../../../Engine/Content/EditorMaterials/Camera/CineMat.uasset" 76
"../../../Engine/Content/EditorMaterials/Camera/MI_CineMat_Rig.uasset" 77
"../../../Engine/Content/EditorMeshes/Camera/SM_CraneRig_Arm.uasset" 78
"../../../Engine/Content/EditorMeshes/Camera/SM_CraneRig_Base.uasset" 79
"../../../Engine/Content/EditorMeshes/Camera/SM_CraneRig_Body.uasset" 80
"../../../Engine/Content/EditorMeshes/Camera/SM_CraneRig_Mount.uasset" 81
"../../../Engine/Content/EditorMeshes/Camera/SM_RailRig_Mount.uasset" 82
"../../../Engine/Content/EditorMeshes/Camera/SM_RailRig_Track.uasset" 83
"../../../Engine/Content/EditorResources/BSPVertex.uasset" 84
"../../../Engine/Content/EditorResources/EmptyActor.uasset" 85
"../../../Engine/Content/EditorResources/S_Actor.uasset" 86
"../../../Engine/Content/EditorResources/S_Note.uasset" 87
"../../../Engine/Content/EditorResources/S_Solver.uasset" 88
"../../../Engine/Content/EditorResources/S_Trigger.uasset" 89
"../../../Engine/Content/EditorResources/LightIcons/S_LightError.uasset" 90
"../../../Engine/Content/EditorResources/SequenceRecorder/Countdown.uasset" 91
"../../../Engine/Content/EditorResources/SequenceRecorder/RecordingIndicator.uasset" 92
"../../../Engine/Content/EditorSounds/Notifications/CompileFailed.uasset" 93
"../../../Engine/Content/EditorSounds/Notifications/CompileFailed_Cue.uasset" 94
"../../../Engine/Content/EditorSounds/Notifications/CompileSuccess.uasset" 95
"../../../Engine/Content/EditorSounds/Notifications/CompileStart_Cue.uasset" 96
"../../../Engine/Content/EditorSounds/Notifications/CompileSuccess_Cue.uasset" 97
"../../../Engine/Content/EngineDamageTypes/DmgTypeBP_Environmental.uasset" 98
"../../../Engine/Content/EngineDebugMaterials/DebugEditorMaterial.uasset" 99
"../../../Engine/Content/EngineDebugMaterials/DebugMeshMaterial.uasset" 100
"../../../Engine/Content/EngineDebugMaterials/M_SimpleTranslucent.uasset" 101
"../../../Engine/Content/Functions/Engine_MaterialFunctions02/Utility/CameraDirectionVector.uasset" 102
"../../../Engine/Content/EngineDebugMaterials/VolumeToRender.uasset" 103
"../../../Engine/Content/EngineDebugMaterials/M_VolumeRenderSphereTracePP.uasset" 104
"../../../Engine/Content/EngineDebugMaterials/WireframeMaterial.uasset" 105
"../../../Engine/Content/EngineFonts/Faces/DroidSansFallback.uasset" 106
"../../../Engine/Content/EngineFonts/Faces/RobotoBold.uasset" 107
"../../../Engine/Content/EngineFonts/Faces/RobotoBoldItalic.uasset" 108
"../../../Engine/Content/EngineFonts/Faces/RobotoItalic.uasset" 109
"../../../Engine/Content/EngineFonts/Faces/RobotoLight.uasset" 110
"../../../Engine/Content/EngineFonts/Faces/RobotoRegular.uasset" 111
"../../../Engine/Content/EngineFonts/Roboto.uasset" 112
"../../../Engine/Content/EngineMaterials/BaseFlattenDiffuseMap.uasset" 113
"../../../Engine/Content/EngineMaterials/BaseFlattenEmissiveMap.uasset" 114
"../../../Engine/Content/EngineMaterials/BaseFlattenGrayscaleMap.uasset" 115
"../../../Engine/Content/EngineMaterials/BaseFlattenNormalMap.uasset" 116
"../../../Engine/Content/EngineMaterials/BaseFlattenMaterial.uasset" 117
"../../../Engine/Content/EngineMaterials/BlueNoise.uasset" 118
"../../../Engine/Content/EngineMaterials/DefaultBloomKernel.uasset" 119
"../../../Engine/Content/EngineMaterials/DefaultBokeh.uasset" 120
"../../../Engine/Content/EngineMaterials/DefaultDiffuse.uasset" 121
"../../../Engine/Content/EngineMaterials/DefaultDeferredDecalMaterial.uasset" 122
"../../../Engine/Content/EngineMaterials/DefaultLightFunctionMaterial.uasset" 123
"../../../Engine/Content/EngineMaterials/DefaultPhysicalMaterial.uasset" 124
"../../../Engine/Content/Functions/Engine_MaterialFunctions02/Utility/BreakOutFloat2Components.uasset" 125
"../../../Engine/Content/EngineMaterials/DefaultPostProcessMaterial.uasset" 126
"../../../Engine/Content/EngineFonts/RobotoDistanceField.uasset" 127
"../../../Engine/Content/EngineMaterials/DefaultTextMaterialOpaque.uasset" 128
"../../../Engine/Content/EngineMaterials/DefaultVirtualTextureMaterial.uasset" 129
"../../../Engine/Content/EngineMaterials/DefaultWhiteGrid.uasset" 130
"../../../Engine/Content/EngineMaterials/DefaultWhiteGrid_Low.uasset" 131
"../../../Engine/Content/EngineMaterials/EmissiveMeshMaterial.uasset" 132
"../../../Engine/Content/EngineMaterials/GizmoMaterial.uasset" 133
"../../../Engine/Content/EngineMaterials/Good64x64TilingNoiseHighFreq.uasset" 134
"../../../Engine/Content/EngineMaterials/HairDefaultMaterial.uasset" 135
"../../../Engine/Content/EngineMaterials/MiniFont.uasset" 136
"../../../Engine/Content/EngineMaterials/InvalidLightmapSettings.uasset" 137
"../../../Engine/Content/EngineMaterials/M_InvalidLightmapSettings.uasset" 138
"../../../Engine/Content/Functions/Engine_MaterialFunctions02/WorldPositionOffset/CameraOffset.uasset" 139
"../../../Engine/Content/EngineMaterials/PhAT_JointLimitMaterial.uasset" 140
"../../../Engine/Content/EngineMaterials/PreintegratedSkinBRDF.uasset" 141
"../../../Engine/Content/EngineMaterials/RemoveSurfaceMaterial.uasset" 142
"../../../Engine/Content/EngineMaterials/WeightMapPlaceholderTexture.uasset" 143
"../../../Engine/Content/EngineResources/WhiteSquareTexture.uasset" 144
"../../../Engine/Content/EngineMaterials/Widget3DPassThrough.uasset" 145
"../../../Engine/Content/EngineMaterials/Widget3DPassThrough_Masked.uasset" 146
"../../../Engine/Content/EngineMaterials/Widget3DPassThrough_Opaque.uasset" 147
"../../../Engine/Content/EngineMaterials/Widget3DPassThrough_Masked_OneSided.uasset" 148
"../../../Engine/Content/EngineMaterials/Widget3DPassThrough_Opaque_OneSided.uasset" 149
"../../../Engine/Content/EngineMaterials/Widget3DPassThrough_Translucent.uasset" 150
"../../../Engine/Content/EngineMaterials/Widget3DPassThrough_Translucent_OneSided.uasset" 151
"../../../Engine/Content/EngineMeshes/Cylinder.uasset" 152
"../../../Engine/Content/EngineMeshes/Sphere.uasset" 153
"../../../Engine/Content/EngineResources/Black.uasset" 154
"../../../Engine/Content/EngineResources/DefaultTexture.uasset" 155
"../../../Engine/Content/EngineResources/DefaultTextureCube.uasset" 156
"../../../Engine/Content/EngineResources/DefaultVolumeTexture2D.uasset" 157
"../../../Engine/Content/EngineResources/DefaultVolumeTexture.uasset" 158
"../../../Engine/Content/EngineResources/GradientTexture0.uasset" 159
"../../../Engine/Content/EngineSounds/Master.uasset" 160
"../../../Engine/Content/Functions/Engine_MaterialFunctions01/Shading/ConvertFromDiffSpec.uasset" 161
"../../../Engine/Content/Functions/Engine_MaterialFunctions01/Shading/PowerToRoughness.uasset" 162
"../../../Engine/Content/Maps/Templates/Thumbnails/Default.uasset" 163
"../../../Engine/Content/Maps/Templates/Thumbnails/TimeOfDay.uasset" 164
"../../../Engine/Content/Maps/Templates/Thumbnails/VR-Basic.uasset" 165
"../../../Engine/Content/MobileResources/T_MobileControls_texture.uasset" 166
"../../../Engine/Content/MobileResources/T_MobileMenu2.uasset" 167
"../../../Engine/Content/MobileResources/HUD/AnalogHat.uasset" 168
"../../../Engine/Content/MobileResources/HUD/VirtualJoystick_Background.uasset" 169
"../../../Engine/Content/MobileResources/HUD/VirtualJoystick_Thumb.uasset" 170
"../../../Engine/Content/MobileResources/HUD/DefaultVirtualJoysticks.uasset" 171
"../../../Engine/Content/MobileResources/HUD/LeftVirtualJoystickOnly.uasset" 172
"../../../Engine/Content/MobileResources/HUD/MobileHUDButton1_off.uasset" 173
"../../../Engine/Content/MobileResources/HUD/MobileHUDButton1_on.uasset" 174
"../../../Engine/Content/MobileResources/HUD/MobileHUDButton2_off.uasset" 175
"../../../Engine/Content/MobileResources/HUD/MobileHUDButton2_on.uasset" 176
"../../../Engine/Content/MobileResources/HUD/MobileHUDButton3.uasset" 177
"../../../Engine/Content/MobileResources/HUD/MobileHUDButtonFire.uasset" 178
"../../../Engine/Content/MobileResources/HUD/MobileHUDDirectionPad.uasset" 179
"../../../Engine/Content/MobileResources/HUD/MobileHUDDirectionPad2.uasset" 180
"../../../Engine/Content/MobileResources/HUD/MobileHUDDirectionPad3.uasset" 181
"../../../Engine/Content/MobileResources/HUD/MobileHUDDirectionStick.uasset" 182
"../../../Engine/Content/MobileResources/HUD/T_Castle_ThumbstickInner.uasset" 183
"../../../Engine/Content/MobileResources/HUD/T_Castle_ThumbstickOutter.uasset" 184
"../../../Engine/Content/Tutorial/ContentIntroCurve.uasset" 185
"../../../Engine/Content/Tutorial/Basics/LevelEditorAttract.uasset" 186
"../../../Engine/Content/Tutorial/BlueprintTutorials/TutorialAssets/Blueprint_64x.uasset" 187
"../../../Engine/Content/Tutorial/BlueprintTutorials/BlueprintEditorTutorial.uasset" 188
"../../../Engine/Content/Tutorial/SubEditors/MaterialEditorTutorial.uasset" 189
"../../../Engine/Content/Tutorial/SubEditors/TutorialAssets/TutorialMaterial.uasset" 190
"../../../Engine/Content/VREditor/LaserPointer/VR_LaserPower_01.uasset" 191
"../../../Engine/Content/VREditor/TransformGizmo/TransformGizmoMaterial.uasset" 192
"../../../Engine/Content/VREditor/TransformGizmo/TranslucentTransformGizmoMaterial.uasset" 193
"../../../Engine/Content/VREditor/TransformGizmo/BoundingBoxCorner.uasset" 194
"../../../Engine/Content/VREditor/TransformGizmo/BoundingBoxEdge.uasset" 195
"../../../Engine/Content/VREditor/TransformGizmo/PlaneTranslationHandle.uasset" 196
"../../../Engine/Content/VREditor/TransformGizmo/Main.uasset" 197
"../../../Engine/Content/VREditor/TransformGizmo/Xray.uasset" 198
"../../../Engine/Content/VREditor/TransformGizmo/SM_Sequencer_Key.uasset" 199
"../../../Engine/Content/VREditor/TransformGizmo/SM_Sequencer_Node.uasset" 200
"../../Plugins/2D/Paper2D/Content/PlaceholderTextures/DummySpriteTexture.uasset" 201
"../../Plugins/2D/Paper2D/Content/DummySprite.uasset" 202
"../../Plugins/2D/Paper2D/Content/DefaultPaperTerrainMaterial.uasset" 203
"../../Plugins/2D/Paper2D/Content/DummySpriteTexture.uasset" 204
"../../Plugins/2D/Paper2D/Content/DefaultSpriteMaterial.uasset" 205
"../../Plugins/2D/Paper2D/Content/MaskedUnlitSpriteMaterial.uasset" 206
"../../Plugins/2D/Paper2D/Content/OpaqueUnlitSpriteMaterial.uasset" 207
"../../../Engine/Content/Functions/Engine_MaterialFunctions02/Utility/BreakOutFloat4Components.uasset" 208
"../../../Engine/Content/Functions/Engine_MaterialFunctions02/Utility/MakeFloat2.uasset" 209
"../../../Engine/Content/Functions/Engine_MaterialFunctions02/Utility/MakeFloat3.uasset" 210
"../../Plugins/Runtime/Oculus/OculusVR/Content/Materials/OculusMR_ChromaKey.uasset" 211
"../../Plugins/Runtime/Oculus/OculusVR/Content/Materials/OculusMR_ChromaKey_Lit.uasset" 212
"../../Plugins/Runtime/Oculus/OculusVR/Content/Materials/OculusMR_OpaqueColoredMaterial.uasset" 213
"../../Plugins/Runtime/Oculus/OculusVR/Content/Materials/OculusMR_WhiteMaterial.uasset" 214
"../../Plugins/Runtime/WebBrowserWidget/Content/WebTexture_T.uasset" 215
"../../Plugins/Runtime/WebBrowserWidget/Content/WebTexture_M.uasset" 216
"../../Plugins/Runtime/WebBrowserWidget/Content/WebTexture_TM.uasset" 217
"../../../Engine/Content/EditorBlueprintResources/StandardMacros.uasset" 218
"../../../Engine/Content/EngineSky/C_Sky_Cloud_Color.uasset" 219
"../../../Engine/Content/EngineSky/C_Sky_Horizon_Color.uasset" 220
"../../../Engine/Content/EngineSky/C_Sky_Zenith_Color.uasset" 221
"../../../Engine/Content/EngineSky/T_Sky_Blue.uasset" 222
"../../../Engine/Content/EngineSky/T_Sky_Clouds_M.uasset" 223
"../../../Engine/Content/EngineSky/T_Sky_Stars.uasset" 224
"../../../Engine/Content/EngineSky/M_Sky_Panning_Clouds2.uasset" 225
"../../../Engine/Content/EngineSky/SM_SkySphere.uasset" 226
"../../../Engine/Content/EngineSky/BP_Sky_Sphere.uasset" 227
"../../../Engine/Content/MapTemplates/SM_Template_Map_Floor.uasset" 228
"G:/Work/Projects/SMParty/Content/Maps/AngieTest.umap" 229
"G:/Work/Projects/SMParty/Content/Maps/LaurenTest.umap" 230
"G:/Work/Projects/SMParty/Content/Blueprints/Projector/ImageProjector/image1.uasset" 231
"G:/Work/Projects/SMParty/Content/Blueprints/Projector/ImageProjector/M_Projector.uasset" 232
"G:/Work/Projects/SMParty/Content/Blueprints/Projector/ImageProjector/M_Projector_B.uasset" 233
"G:/Work/Projects/SMParty/Content/Blueprints/Projector/ImageProjector/M_Projector_G.uasset" 234
"G:/Work/Projects/SMParty/Content/Blueprints/Projector/ImageProjector/M_Projector_R.uasset" 235
"G:/Work/Projects/SMParty/Content/Blueprints/Projector/ImageProjector/ImageProjector.uasset" 236
"G:/Work/Projects/SMParty/Content/Blueprints/Projector/videoProjector/MediaPlayer.uasset" 237
"G:/Work/Projects/SMParty/Content/Blueprints/Projector/videoProjector/NewMediaPlayer_Video.uasset" 238
"G:/Work/Projects/SMParty/Content/Blueprints/Projector/videoProjector/M_VideoProjector.uasset" 239
"G:/Work/Projects/SMParty/Content/Blueprints/Projector/videoProjector/M_VideoProjector_B.uasset" 240
"G:/Work/Projects/SMParty/Content/Blueprints/Projector/videoProjector/M_VideoProjector_G.uasset" 241
"G:/Work/Projects/SMParty/Content/Blueprints/Projector/videoProjector/M_VideoProjector_R.uasset" 242
"G:/Work/Projects/SMParty/Content/Blueprints/Projector/videoProjector/VideoProjector.uasset" 243
"G:/Work/Projects/SMParty/Content/Blueprints/Lights/Light.uasset" 244
"G:/Work/Projects/SMParty/Content/Blueprints/Lights/Light_Gradient.uasset" 245
"G:/Work/Projects/SMParty/Content/Blueprints/Lights/Light_Strobe.uasset" 246
"G:/Work/Projects/SMParty/Content/Blueprints/MovingAlpa/SplineTrack.uasset" 247
"G:/Work/Projects/SMParty/Content/Blueprints/Projector/M_projectorBackground.uasset" 248
"G:/Work/Projects/SMParty/Content/Geometry/AngieAssets/Textures/Bo_Albedo.uasset" 249
"G:/Work/Projects/SMParty/Content/Geometry/AngieAssets/Textures/Bo_Normal.uasset" 250
"G:/Work/Projects/SMParty/Content/Geometry/AngieAssets/Materials/M_Bo.uasset" 251
"G:/Work/Projects/SMParty/Content/Geometry/AngieAssets/Bo.uasset" 252
"G:/Work/Projects/SMParty/Content/Geometry/AngieAssets/Cake_Text.uasset" 253
"G:/Work/Projects/SMParty/Content/Geometry/AngieAssets/Cake_Text_Mat.uasset" 254
"G:/Work/Projects/SMParty/Content/Geometry/AngieAssets/cake_simple.uasset" 255
"G:/Work/Projects/SMParty/Content/Geometry/AngieAssets/cakeNew.uasset" 256
"G:/Work/Projects/SMParty/Content/Geometry/AngieAssets/Textures/Charles_Albedo.uasset" 257
"G:/Work/Projects/SMParty/Content/Geometry/AngieAssets/Textures/Charles_Normal.uasset" 258
"G:/Work/Projects/SMParty/Content/Geometry/AngieAssets/Materials/M_Charles.uasset" 259
"G:/Work/Projects/SMParty/Content/Geometry/AngieAssets/charles.uasset" 260
"G:/Work/Projects/SMParty/Content/Maps/MatthewTest.umap" 261
"G:/Work/Projects/SMParty/Content/Maps/TheWorld_BuiltData.uasset" 262
"../../../Engine/Content/BasicShapes/BasicShapeMaterial.uasset" 263
"G:/Work/Projects/SMParty/Content/Geometry/Furniture/Materials/M_Mattress.uasset" 264
"G:/Work/Projects/SMParty/Content/Geometry/Furniture/Materials/M_Mattress_Inst.uasset" 265
"../../../Engine/Content/BasicShapes/Cube.uasset" 266
"G:/Work/Projects/SMParty/Content/Geometry/Furniture/beanbag.uasset" 267
"G:/Work/Projects/SMParty/Content/Geometry/Furniture/dorm_bedframe_1.uasset" 268
"G:/Work/Projects/SMParty/Content/Geometry/Furniture/dorm_light_2.uasset" 269
"G:/Work/Projects/SMParty/Content/Geometry/Furniture/dorm_mattress_1.uasset" 270
"G:/Work/Projects/SMParty/Content/Geometry/Furniture/dorm_shelf_1.uasset" 271
"G:/Work/Projects/SMParty/Content/Geometry/Furniture/dorm_shelf_2.uasset" 272
"G:/Work/Projects/SMParty/Content/Geometry/Furniture/dorm_table1_1.uasset" 273
"G:/Work/Projects/SMParty/Content/Geometry/Furniture/lambert2.uasset" 274
"G:/Work/Projects/SMParty/Content/Geometry/Furniture/microfridge.uasset" 275
"G:/Work/Projects/SMParty/Content/Geometry/Furniture/lambert3.uasset" 276
"G:/Work/Projects/SMParty/Content/Geometry/Furniture/Modern-Chair.uasset" 277
"G:/Work/Projects/SMParty/Content/Geometry/Furniture/lambert4.uasset" 278
"G:/Work/Projects/SMParty/Content/Geometry/Furniture/Modern-Rug.uasset" 279
"G:/Work/Projects/SMParty/Content/Maps/TheWorld.umap" 280
"../../../Engine/Content/Maps/Entry_BuiltData.uasset" 281
"../../../Engine/Content/Maps/Entry.umap" 282
